{"C:\\Users\\Rosario\\Desktop\\movie-challenge\\src\\Components\\ContainerCards.tsx": {"path":"C:\\Users\\Rosario\\Desktop\\movie-challenge\\src\\Components\\ContainerCards.tsx","statementMap":{"0":{"start":{"line":142,"column":61},"end":{"line":166,"column":1}},"1":{"start":{"line":143,"column":31},"end":{"line":143,"column":71}},"2":{"start":{"line":145,"column":2},"end":{"line":165,"column":4}},"3":{"start":{"line":148,"column":8},"end":{"line":162,"column":13}}},"fnMap":{"0":{"name":"(anonymous_0)","decl":{"start":{"line":142,"column":61},"end":{"line":142,"column":62}},"loc":{"start":{"line":142,"column":100},"end":{"line":166,"column":1}},"line":142},"1":{"name":"(anonymous_1)","decl":{"start":{"line":147,"column":18},"end":{"line":147,"column":19}},"loc":{"start":{"line":148,"column":8},"end":{"line":162,"column":13}},"line":148}},"branchMap":{},"s":{"0":1,"1":4,"2":4,"3":8},"f":{"0":4,"1":8},"b":{},"_coverageSchema":"1a1c01bbd47fc00a2c39e90264f33305004495a9","hash":"19b88f22851efa62cb81c7a92dfcb50765b14634"}
,"C:\\Users\\Rosario\\Desktop\\movie-challenge\\src\\hooks\\UseMovies.tsx": {"path":"C:\\Users\\Rosario\\Desktop\\movie-challenge\\src\\hooks\\UseMovies.tsx","statementMap":{"0":{"start":{"line":11,"column":25},"end":{"line":42,"column":1}},"1":{"start":{"line":15,"column":30},"end":{"line":15,"column":51}},"2":{"start":{"line":16,"column":38},"end":{"line":16,"column":57}},"3":{"start":{"line":19,"column":2},"end":{"line":38,"column":31}},"4":{"start":{"line":20,"column":20},"end":{"line":27,"column":5}},"5":{"start":{"line":29,"column":14},"end":{"line":29,"column":169}},"6":{"start":{"line":30,"column":4},"end":{"line":36,"column":42}},"7":{"start":{"line":31,"column":26},"end":{"line":31,"column":41}},"8":{"start":{"line":33,"column":8},"end":{"line":33,"column":36}},"9":{"start":{"line":34,"column":8},"end":{"line":34,"column":44}},"10":{"start":{"line":36,"column":22},"end":{"line":36,"column":40}},"11":{"start":{"line":41,"column":2},"end":{"line":41,"column":30}}},"fnMap":{"0":{"name":"(anonymous_0)","decl":{"start":{"line":11,"column":25},"end":{"line":11,"column":26}},"loc":{"start":{"line":11,"column":76},"end":{"line":42,"column":1}},"line":11},"1":{"name":"(anonymous_1)","decl":{"start":{"line":19,"column":12},"end":{"line":19,"column":13}},"loc":{"start":{"line":19,"column":18},"end":{"line":38,"column":3}},"line":19},"2":{"name":"(anonymous_2)","decl":{"start":{"line":31,"column":12},"end":{"line":31,"column":13}},"loc":{"start":{"line":31,"column":26},"end":{"line":31,"column":41}},"line":31},"3":{"name":"(anonymous_3)","decl":{"start":{"line":32,"column":12},"end":{"line":32,"column":13}},"loc":{"start":{"line":32,"column":26},"end":{"line":35,"column":7}},"line":32},"4":{"name":"(anonymous_4)","decl":{"start":{"line":36,"column":13},"end":{"line":36,"column":14}},"loc":{"start":{"line":36,"column":22},"end":{"line":36,"column":40}},"line":36}},"branchMap":{},"s":{"0":2,"1":7,"2":7,"3":7,"4":3,"5":3,"6":3,"7":3,"8":3,"9":3,"10":0,"11":7},"f":{"0":7,"1":3,"2":3,"3":3,"4":0},"b":{},"_coverageSchema":"1a1c01bbd47fc00a2c39e90264f33305004495a9","hash":"46b332ff0ba7ff3a2a7b1aa6a3da848e4dc761a3"}
}
