TN:
SF:src\Components\ContainerCards.tsx
FN:142,(anonymous_0)
FN:147,(anonymous_1)
FNF:2
FNH:2
FNDA:4,(anonymous_0)
FNDA:8,(anonymous_1)
DA:142,1
DA:143,4
DA:145,4
DA:148,8
LF:4
LH:4
BRF:0
BRH:0
end_of_record
TN:
SF:src\hooks\UseMovies.tsx
FN:11,(anonymous_0)
FN:19,(anonymous_1)
FN:31,(anonymous_2)
FN:32,(anonymous_3)
FN:36,(anonymous_4)
FNF:5
FNH:4
FNDA:7,(anonymous_0)
FNDA:3,(anonymous_1)
FNDA:3,(anonymous_2)
FNDA:3,(anonymous_3)
FNDA:0,(anonymous_4)
DA:11,2
DA:15,7
DA:16,7
DA:19,7
DA:20,3
DA:29,3
DA:30,3
DA:31,3
DA:33,3
DA:34,3
DA:36,0
DA:41,7
LF:12
LH:11
BRF:0
BRH:0
end_of_record
